"../../../Lantern/Content/Audio/S_Master_Class.uasset" 0
"../../../Lantern/Content/Audio/SFX_UI.uasset" 1
"../../../Lantern/Content/Audio/SFX_Vibes_001.uasset" 2
"../../../Lantern/Content/Audio/SFX_Vibes_002.uasset" 3
"../../../Lantern/Content/Audio/SFX_Vibes_003.uasset" 4
"../../../Lantern/Content/Materials/M_GiantPlant.uasset" 5
"../../../Engine/Content/Functions/Engine_MaterialFunctions02/HueShift.uasset" 6
"../../../Lantern/Content/Materials/M_Base.uasset" 7
"../../../Lantern/Content/Materials/MI_Log.uasset" 8
"../../../Lantern/Content/Meshes/SM_Stump.uasset" 9
"../../../Engine/Content/Functions/Engine_MaterialFunctions01/Opacity/CameraDepthFade.uasset" 10
"../../../Engine/Content/EngineMaterials/T_Default_Material_Grid_M.uasset" 11
"../../../Engine/Content/EngineMaterials/T_Default_Material_Grid_N.uasset" 12
"../../../Engine/Content/EngineMaterials/DefaultMaterial.uasset" 13
"../../../Engine/Content/BasicShapes/Cone.uasset" 14
"../../../Engine/Content/EngineMaterials/WorldGridMaterial.uasset" 15
"../../../Engine/Content/BasicShapes/Cube.uasset" 16
"../../../Engine/Content/BasicShapes/Cylinder.uasset" 17
"../../../Engine/Content/BasicShapes/Sphere.uasset" 18
"../../../Engine/Content/EditorLandscapeResources/DataLayer.uasset" 19
"../../../Engine/Content/EditorMaterials/GizmoMaterial.uasset" 20
"../../../Engine/Content/EditorMaterials/MAT_Groups_Toggle.uasset" 21
"../../../Engine/Content/EditorMaterials/MAT_Groups_Visibility.uasset" 22
"../../../Engine/Content/EditorMaterials/PreviewShadowIndicator.uasset" 23
"../../../Engine/Content/EditorMaterials/PreviewShadowIndicatorMaterial.uasset" 24
"../../../Engine/Content/EditorMaterials/MatineeGroups/MAT_ColorTrack.uasset" 25
"../../../Engine/Content/EditorMaterials/MatineeGroups/MAT_Groups_Anim.uasset" 26
"../../../Engine/Content/EditorMaterials/MatineeGroups/MAT_Groups_AudioMaster.uasset" 27
"../../../Engine/Content/EditorMaterials/MatineeGroups/MAT_Groups_Director.uasset" 28
"../../../Engine/Content/EditorMaterials/MatineeGroups/MAT_Groups_Event.uasset" 29
"../../../Engine/Content/EditorMaterials/MatineeGroups/MAT_Groups_Fade.uasset" 30
"../../../Engine/Content/EditorMaterials/MatineeGroups/MAT_Groups_Float.uasset" 31
"../../../Engine/Content/EditorMaterials/MatineeGroups/MAT_Groups_Move.uasset" 32
"../../../Engine/Content/EditorMaterials/MatineeGroups/MAT_Groups_Slomo.uasset" 33
"../../../Engine/Content/EditorMaterials/MatineeGroups/MAT_Groups_Sound.uasset" 34
"../../../Engine/Content/EditorMaterials/MatineeGroups/MAT_Groups_Vector.uasset" 35
"../../../Engine/Content/EditorMaterials/ParticleSystems/PSysThumbnail_NoImage.uasset" 36
"../../../Engine/Content/EditorMaterials/ParticleSystems/PSysThumbnail_OOD.uasset" 37
"../../../Engine/Content/EditorMaterials/Camera/CineMat.uasset" 38
"../../../Engine/Content/EditorMaterials/Camera/MI_CineMat_Rig.uasset" 39
"../../../Engine/Content/EditorMeshes/Camera/SM_CraneRig_Arm.uasset" 40
"../../../Engine/Content/EditorMeshes/Camera/SM_CraneRig_Base.uasset" 41
"../../../Engine/Content/EditorMeshes/Camera/SM_CraneRig_Body.uasset" 42
"../../../Engine/Content/EditorMeshes/Camera/SM_CraneRig_Mount.uasset" 43
"../../../Engine/Content/EditorMeshes/Camera/SM_RailRig_Mount.uasset" 44
"../../../Engine/Content/EditorMeshes/Camera/SM_RailRig_Track.uasset" 45
"../../../Engine/Content/EditorMeshes/ColorCalibrator/M_ChromeBall.uasset" 46
"../../../Engine/Content/EditorMeshes/ColorCalibrator/M_ClearCoat.uasset" 47
"../../../Engine/Content/EditorMeshes/ColorCalibrator/M_ClearCoatBlack.uasset" 48
"../../../Engine/Content/EditorMeshes/ColorCalibrator/Color_checker.uasset" 49
"../../../Engine/Content/EditorMeshes/ColorCalibrator/M_ColorGrid.uasset" 50
"../../../Engine/Content/EditorMeshes/ColorCalibrator/M_GreyBall.uasset" 51
"../../../Engine/Content/EditorMeshes/ColorCalibrator/SM_ColorCalibrator.uasset" 52
"../../../Engine/Content/EditorResources/BSPVertex.uasset" 53
"../../../Engine/Content/EditorResources/EmptyActor.uasset" 54
"../../../Engine/Content/EditorResources/S_Actor.uasset" 55
"../../../Engine/Content/EditorResources/S_Trigger.uasset" 56
"../../../Engine/Content/EditorResources/AudioIcons/S_AudioComponent.uasset" 57
"../../../Engine/Content/EditorResources/LightIcons/S_LightError.uasset" 58
"../../../Engine/Content/EditorResources/SequenceRecorder/Countdown.uasset" 59
"../../../Engine/Content/EditorResources/SequenceRecorder/RecordingIndicator.uasset" 60
"../../../Engine/Content/EditorSounds/Notifications/CompileFailed.uasset" 61
"../../../Engine/Content/EditorSounds/Notifications/CompileFailed_Cue.uasset" 62
"../../../Engine/Content/EditorSounds/Notifications/CompileSuccess.uasset" 63
"../../../Engine/Content/EditorSounds/Notifications/CompileStart_Cue.uasset" 64
"../../../Engine/Content/EditorSounds/Notifications/CompileSuccess_Cue.uasset" 65
"../../../Engine/Content/EngineDamageTypes/DmgTypeBP_Environmental.uasset" 66
"../../../Engine/Content/EngineDebugMaterials/HeatmapGradient.uasset" 67
"../../../Engine/Content/EngineDebugMaterials/BoneWeightMaterial.uasset" 68
"../../../Engine/Content/EngineDebugMaterials/ClothMaterial.uasset" 69
"../../../Engine/Content/EngineDebugMaterials/ClothMaterial_WF.uasset" 70
"../../../Engine/Content/EngineDebugMaterials/DebugEditorMaterial.uasset" 71
"../../../Engine/Content/EngineDebugMaterials/DebugMeshMaterial.uasset" 72
"../../../Engine/Content/EngineDebugMaterials/GeomMaterial.uasset" 73
"../../../Engine/Content/EngineFonts/Faces/RobotoBold.uasset" 74
"../../../Engine/Content/EngineFonts/Faces/RobotoBoldItalic.uasset" 75
"../../../Engine/Content/EngineFonts/Faces/RobotoItalic.uasset" 76
"../../../Engine/Content/EngineFonts/Faces/RobotoLight.uasset" 77
"../../../Engine/Content/EngineFonts/Faces/RobotoRegular.uasset" 78
"../../../Engine/Content/EngineFonts/Roboto.uasset" 79
"../../../Engine/Content/EngineFonts/Faces/RobotoTiny.uasset" 80
"../../../Engine/Content/EngineFonts/RobotoTiny.uasset" 81
"../../../Engine/Content/EngineMaterials/DefaultBloomKernel.uasset" 82
"../../../Engine/Content/EngineMaterials/DefaultBokeh.uasset" 83
"../../../Engine/Content/EngineMaterials/DefaultDiffuse.uasset" 84
"../../../Engine/Content/EngineMaterials/DefaultDeferredDecalMaterial.uasset" 85
"../../../Engine/Content/EngineMaterials/DefaultLightFunctionMaterial.uasset" 86
"../../../Engine/Content/Functions/Engine_MaterialFunctions02/Utility/BreakOutFloat2Components.uasset" 87
"../../../Engine/Content/EngineMaterials/DefaultPostProcessMaterial.uasset" 88
"../../../Engine/Content/EngineFonts/RobotoDistanceField.uasset" 89
"../../../Engine/Content/EngineMaterials/DefaultTextMaterialOpaque.uasset" 90
"../../../Engine/Content/EngineMaterials/DefaultWhiteGrid.uasset" 91
"../../../Engine/Content/EngineMaterials/EditorBrushMaterial.uasset" 92
"../../../Engine/Content/EngineMaterials/Good64x64TilingNoiseHighFreq.uasset" 93
"../../../Engine/Content/EngineMaterials/MiniFont.uasset" 94
"../../../Engine/Content/EngineMaterials/InvalidLightmapSettings.uasset" 95
"../../../Engine/Content/EngineMaterials/M_InvalidLightmapSettings.uasset" 96
"../../../Engine/Content/Functions/Engine_MaterialFunctions02/WorldPositionOffset/CameraOffset.uasset" 97
"../../../Engine/Content/EngineMaterials/PhAT_JointLimitMaterial.uasset" 98
"../../../Engine/Content/EngineMaterials/PreintegratedSkinBRDF.uasset" 99
"../../../Engine/Content/EngineMaterials/RemoveSurfaceMaterial.uasset" 100
"../../../Engine/Content/EngineMaterials/WeightMapPlaceholderTexture.uasset" 101
"../../../Engine/Content/EngineResources/WhiteSquareTexture.uasset" 102
"../../../Engine/Content/EngineMaterials/Widget3DPassThrough.uasset" 103
"../../../Engine/Content/EngineMaterials/Widget3DPassThrough_Masked.uasset" 104
"../../../Engine/Content/EngineMaterials/Widget3DPassThrough_Opaque.uasset" 105
"../../../Engine/Content/EngineMaterials/Widget3DPassThrough_Masked_OneSided.uasset" 106
"../../../Engine/Content/EngineMaterials/Widget3DPassThrough_Opaque_OneSided.uasset" 107
"../../../Engine/Content/EngineMaterials/Widget3DPassThrough_Translucent.uasset" 108
"../../../Engine/Content/EngineMaterials/Widget3DPassThrough_Translucent_OneSided.uasset" 109
"../../../Engine/Content/EngineMeshes/Cube.uasset" 110
"../../../Engine/Content/EngineMeshes/Cylinder.uasset" 111
"../../../Engine/Content/EngineMeshes/Sphere.uasset" 112
"../../../Engine/Content/EngineResources/Black.uasset" 113
"../../../Engine/Content/EngineResources/DefaultTexture.uasset" 114
"../../../Engine/Content/EngineResources/DefaultTextureCube.uasset" 115
"../../../Engine/Content/EngineResources/GradientTexture0.uasset" 116
"../../../Engine/Content/EngineSounds/Master.uasset" 117
"../../../Engine/Content/Functions/Engine_MaterialFunctions01/Shading/ConvertFromDiffSpec.uasset" 118
"../../../Engine/Content/Functions/Engine_MaterialFunctions01/Shading/PowerToRoughness.uasset" 119
"../../../Engine/Content/Maps/Templates/Thumbnails/Default.uasset" 120
"../../../Engine/Content/Maps/Templates/Thumbnails/VR-Basic.uasset" 121
"../../../Engine/Content/MobileResources/T_MobileControls_texture.uasset" 122
"../../../Engine/Content/MobileResources/T_MobileMenu2.uasset" 123
"../../../Engine/Content/MobileResources/HUD/AnalogHat.uasset" 124
"../../../Engine/Content/MobileResources/HUD/VirtualJoystick_Background.uasset" 125
"../../../Engine/Content/MobileResources/HUD/VirtualJoystick_Thumb.uasset" 126
"../../../Engine/Content/MobileResources/HUD/DefaultVirtualJoysticks.uasset" 127
"../../../Engine/Content/MobileResources/HUD/LeftVirtualJoystickOnly.uasset" 128
"../../../Engine/Content/MobileResources/HUD/MobileHUDButton1_off.uasset" 129
"../../../Engine/Content/MobileResources/HUD/MobileHUDButton1_on.uasset" 130
"../../../Engine/Content/MobileResources/HUD/MobileHUDButton2_off.uasset" 131
"../../../Engine/Content/MobileResources/HUD/MobileHUDButton2_on.uasset" 132
"../../../Engine/Content/MobileResources/HUD/MobileHUDButton3.uasset" 133
"../../../Engine/Content/MobileResources/HUD/MobileHUDButtonFire.uasset" 134
"../../../Engine/Content/MobileResources/HUD/MobileHUDDirectionPad.uasset" 135
"../../../Engine/Content/MobileResources/HUD/MobileHUDDirectionPad2.uasset" 136
"../../../Engine/Content/MobileResources/HUD/MobileHUDDirectionPad3.uasset" 137
"../../../Engine/Content/MobileResources/HUD/MobileHUDDirectionStick.uasset" 138
"../../../Engine/Content/MobileResources/HUD/T_Castle_ThumbstickInner.uasset" 139
"../../../Engine/Content/MobileResources/HUD/T_Castle_ThumbstickOutter.uasset" 140
"../../../Engine/Content/Tutorial/ContentIntroCurve.uasset" 141
"../../../Engine/Content/Tutorial/Basics/TutorialAssets/icon_tab_Levels_40x.uasset" 142
"../../../Engine/Content/Tutorial/BlueprintTutorials/TutorialAssets/BlueprintInterface_64x.uasset" 143
"../../../Engine/Content/Tutorial/BlueprintTutorials/TutorialAssets/BlueprintMacroLibrary_64x.uasset" 144
"../../../Engine/Content/Tutorial/BlueprintTutorials/TutorialAssets/Blueprint_64x.uasset" 145
"../../../Engine/Content/Tutorial/BlueprintTutorials/TutorialAssets/Tutorial_BP_Interface.uasset" 146
"../../../Engine/Content/Tutorial/Foliage/TutorialAssets/Foliage.uasset" 147
"../../../Engine/Content/Tutorial/Landscape/TutorialAssets/Landscape.uasset" 148
"../../../Engine/Content/Tutorial/Paper2D/TutorialAssets/Paper2DFlipbook_TutorialIcon.uasset" 149
"../../../Engine/Content/Tutorial/Paper2D/TutorialAssets/Paper2DSprite_TutorialIcon.uasset" 150
"../../../Engine/Content/Tutorial/SubEditors/TutorialAssets/icon_Editor_Preferences_General_40x.uasset" 151
"../../../Engine/Content/Tutorial/SubEditors/TutorialAssets/icon_ShowSkeletalMeshes_40x.uasset" 152
"../../../Engine/Content/Tutorial/SubEditors/TutorialAssets/TutorialMaterial.uasset" 153
"../../../Engine/Content/Tutorial/SubEditors/TutorialAssets/T_SmokeSubUV_8X8.uasset" 154
"../../../Engine/Content/Tutorial/SubEditors/TutorialAssets/T_soft_smoke.uasset" 155
"../../../Engine/Content/Tutorial/SubEditors/TutorialAssets/M_smoke_subUV_blackbody.uasset" 156
"../../../Engine/Content/Tutorial/SubEditors/TutorialAssets/TutorialParticleSystem.uasset" 157
"../../../Engine/Content/VREditor/Devices/Generic/GenericHMDMaterial.uasset" 158
"../../../Engine/Content/VREditor/Devices/Generic/GenericHMD.uasset" 159
"../../../Engine/Content/VREditor/FloatingText/LineMaterial.uasset" 160
"../../../Engine/Content/VREditor/FloatingText/JointSphere.uasset" 161
"../../../Engine/Content/VREditor/FloatingText/LineSegmentCylinder.uasset" 162
"../../../Engine/Content/VREditor/Fonts/VRText_RobotoLarge.uasset" 163
"../../../Engine/Content/VREditor/Fonts/VRTextMaterial.uasset" 164
"../../../Engine/Content/VREditor/Fonts/TranslucentVRTextMaterial.uasset" 165
"../../../Engine/Content/VREditor/LaserPointer/CursorPointer.uasset" 166
"../../../Engine/Content/VREditor/LaserPointer/VR_LaserPower_01.uasset" 167
"../../../Engine/Content/VREditor/TransformGizmo/TransformGizmoMaterial.uasset" 168
"../../../Engine/Content/VREditor/LaserPointer/HoverMaterial.uasset" 169
"../../../Engine/Content/VREditor/TransformGizmo/TranslucentTransformGizmoMaterial.uasset" 170
"../../../Engine/Content/VREditor/LaserPointer/TranslucentHoverMaterial.uasset" 171
"../../../Engine/Content/VREditor/LaserPointer/HoverMesh.uasset" 172
"../../../Engine/Content/VREditor/LaserPointer/LaserPointerMaterial.uasset" 173
"../../../Engine/Content/VREditor/LaserPointer/LaserPointerMaterialInst.uasset" 174
"../../../Engine/Content/VREditor/LaserPointer/TranslucentLaserPointerMaterialInst.uasset" 175
"../../../Engine/Content/VREditor/LaserPointer/LaserPointerMesh.uasset" 176
"../../../Engine/Content/VREditor/LaserPointer/LaserPointerMesh_End.uasset" 177
"../../../Engine/Content/VREditor/LaserPointer/LaserPointerMesh_Start.uasset" 178
"../../../Engine/Content/Functions/Engine_MaterialFunctions02/Utility/BreakOutFloat3Components.uasset" 179
"../../../Engine/Content/Functions/Engine_MaterialFunctions02/Math/Transform3x3Matrix.uasset" 180
"../../../Engine/Content/Functions/Engine_MaterialFunctions02/SplitComponents.uasset" 181
"../../../Engine/Content/Functions/Engine_MaterialFunctions02/Utility/MakeFloat3.uasset" 182
"../../../Engine/Content/VREditor/SnapGrid/SnapGridMaterial.uasset" 183
"../../../Engine/Content/VREditor/SnapGrid/SnapGridPlaneMesh.uasset" 184
"../../../Engine/Content/VREditor/Sounds/VR_teleport.uasset" 185
"../../../Engine/Content/VREditor/Sounds/UI/Click_on_Button_Cue.uasset" 186
"../../../Engine/Content/VREditor/Sounds/UI/Dockable_Window_Close.uasset" 187
"../../../Engine/Content/VREditor/Sounds/UI/Dockable_Window_Drop.uasset" 188
"../../../Engine/Content/VREditor/Sounds/UI/Dockable_Window_Open.uasset" 189
"../../../Engine/Content/VREditor/Sounds/UI/Dockable_Window_Pick_Up.uasset" 190
"../../../Engine/Content/VREditor/Sounds/UI/Drop_Item_From_ContentBrowser.uasset" 191
"../../../Engine/Content/VREditor/Sounds/UI/Floating_UI_Open-001.uasset" 192
"../../../Engine/Content/VREditor/Sounds/UI/Gizmo_Handle_Clicked.uasset" 193
"../../../Engine/Content/VREditor/Sounds/UI/Object_PickUp.uasset" 194
"../../../Engine/Content/VREditor/Sounds/UI/Object_Snaps_To_Another_Actor.uasset" 195
"../../../Engine/Content/VREditor/Sounds/UI/Object_Snaps_To_Grid.uasset" 196
"../../../Engine/Content/VREditor/Sounds/UI/Radial_Menu_FadeOut.uasset" 197
"../../../Engine/Content/VREditor/Sounds/UI/Scaling_Down.uasset" 198
"../../../Engine/Content/VREditor/Sounds/UI/Scaling_Up.uasset" 199
"../../../Engine/Content/VREditor/Sounds/UI/Selection_Changes.uasset" 200
"../../../Engine/Content/VREditor/Sounds/UI/Teleport_Mode_Entered.uasset" 201
"../../../Engine/Content/VREditor/Teleport/TeleportDirectionMaterial.uasset" 202
"../../../Engine/Content/VREditor/Teleport/TeleportDirectionMaterial_Inst.uasset" 203
"../../../Engine/Content/VREditor/Teleport/TeleportDirectionMesh.uasset" 204
"../../../Engine/Content/VREditor/TransformGizmo/BoundingBoxCorner.uasset" 205
"../../../Engine/Content/VREditor/TransformGizmo/BoundingBoxEdge.uasset" 206
"../../../Engine/Content/VREditor/TransformGizmo/PlaneTranslationHandle.uasset" 207
"../../../Engine/Content/VREditor/TransformGizmo/RotationHandleFull.uasset" 208
"../../../Engine/Content/VREditor/TransformGizmo/RotationHandleIndicator.uasset" 209
"../../../Engine/Content/VREditor/TransformGizmo/RotationHandleQuarter.uasset" 210
"../../../Engine/Content/VREditor/TransformGizmo/Main.uasset" 211
"../../../Engine/Content/VREditor/TransformGizmo/Xray.uasset" 212
"../../../Engine/Content/VREditor/TransformGizmo/SM_Dialog_Close.uasset" 213
"../../../Engine/Content/VREditor/TransformGizmo/SM_Dialog_Move.uasset" 214
"../../../Engine/Content/VREditor/TransformGizmo/SM_Sequencer_Key.uasset" 215
"../../../Engine/Content/VREditor/TransformGizmo/SM_Sequencer_Node.uasset" 216
"../../../Engine/Content/VREditor/TransformGizmo/StartRotationHandleIndicator.uasset" 217
"../../../Engine/Content/VREditor/TransformGizmo/TranslucentTransformGizmoMaterial_Inst.uasset" 218
"../../../Engine/Content/VREditor/TransformGizmo/TransformGizmoFreeRotation.uasset" 219
"../../../Engine/Content/VREditor/TransformGizmo/TransformGizmoMaterial_Inst.uasset" 220
"../../../Engine/Content/VREditor/TransformGizmo/TranslateArrowHandle.uasset" 221
"../../../Engine/Content/VREditor/TransformGizmo/UniformScaleHandle.uasset" 222
"../../../Engine/Content/VREditor/UI/KeyDiskMaterial.uasset" 223
"../../../Engine/Content/VREditor/UI/DiscMaterial.uasset" 224
"../../../Engine/Content/VREditor/UI/SM_Radial_Disk.uasset" 225
"../../../Engine/Content/Functions/Engine_MaterialFunctions01/Gradient/RadialGradient.uasset" 226
"../../../Engine/Content/VREditor/WorldMovementGrid/SimpleGrid.uasset" 227
"../../../Engine/Content/VREditor/WorldMovementGrid/GridMaterial.uasset" 228
"../../../Engine/Content/Functions/Engine_MaterialFunctions01/Density/ExponentialDensity.uasset" 229
"../../../Engine/Content/VREditor/WorldMovementGrid/GridPostProcess.uasset" 230
"../../../Engine/Content/EditorLandscapeResources/FlattenHeightMat.uasset" 231
"../../../Engine/Content/VREditor/WorldMovementGrid/PlaneMesh.uasset" 232
"../../../Engine/Plugins/2D/Paper2D/Content/PlaceholderTextures/DummySpriteTexture.uasset" 233
"../../../Engine/Plugins/2D/Paper2D/Content/DummySprite.uasset" 234
"../../../Engine/Plugins/2D/Paper2D/Content/DefaultPaperTerrainMaterial.uasset" 235
"../../../Engine/Plugins/2D/Paper2D/Content/DefaultSpriteMaterial.uasset" 236
"../../../Engine/Plugins/2D/Paper2D/Content/MaskedUnlitSpriteMaterial.uasset" 237
"../../../Engine/Plugins/2D/Paper2D/Content/OpaqueUnlitSpriteMaterial.uasset" 238
"../../../Engine/Plugins/Media/MediaCompositing/Content/DefaultMediaPlaneMaterial.uasset" 239
"../../../Engine/Content/Functions/Engine_MaterialFunctions01/Texturing/ScaleUVsByCenter.uasset" 240
"../../../Engine/Content/Functions/Engine_MaterialFunctions02/Utility/MakeFloat4.uasset" 241
"../../../Engine/Plugins/Runtime/AppleARKit/Content/ARKitCameraMaterial.uasset" 242
"../../../Engine/Plugins/Runtime/Oculus/OculusVR/Content/Textures/GearVRController_AO.uasset" 243
"../../../Engine/Plugins/Runtime/Oculus/OculusVR/Content/Textures/GearVRController_Color.uasset" 244
"../../../Engine/Plugins/Runtime/Oculus/OculusVR/Content/Textures/GearVRController_Normal.uasset" 245
"../../../Engine/Plugins/Runtime/Oculus/OculusVR/Content/Materials/GearVRControllerMaterial.uasset" 246
"../../../Engine/Plugins/Runtime/Oculus/OculusVR/Content/Meshes/GearVrController.uasset" 247
"../../../Engine/Content/EditorBlueprintResources/StandardMacros.uasset" 248
"../../../Engine/Content/EngineSky/C_Sky_Cloud_Color.uasset" 249
"../../../Engine/Content/EngineSky/C_Sky_Horizon_Color.uasset" 250
"../../../Engine/Content/EngineSky/C_Sky_Zenith_Color.uasset" 251
"../../../Engine/Content/EngineSky/T_Sky_Blue.uasset" 252
"../../../Engine/Content/EngineSky/T_Sky_Clouds_M.uasset" 253
"../../../Engine/Content/EngineSky/T_Sky_Stars.uasset" 254
"../../../Engine/Content/EngineSky/M_Sky_Panning_Clouds2.uasset" 255
"../../../Engine/Content/EngineSky/SM_SkySphere.uasset" 256
"../../../Engine/Content/EngineSky/BP_Sky_Sphere.uasset" 257
"../../../Lantern/Content/Materials/MI_Fence.uasset" 258
"../../../Lantern/Content/Meshes/SM_Fence_01.uasset" 259
"../../../Lantern/Content/Meshes/SM_Fence_02.uasset" 260
"../../../Lantern/Content/Meshes/SM_Fence_03.uasset" 261
"../../../Lantern/Content/Meshes/SM_Fence_04.uasset" 262
"../../../Lantern/Content/Meshes/SM_FencePole.uasset" 263
"../../../Lantern/Content/Blueprints/BP_FenceSpline.uasset" 264
"../../../Lantern/Content/Maps/Stage_1-1/Stage_1-1_sharedassets/Color1_LayerInfo.uasset" 265
"../../../Lantern/Content/Maps/Stage_1-1/Stage_1-1_sharedassets/Color2_LayerInfo.uasset" 266
"../../../Lantern/Content/Maps/Stage_1-1/Stage_1-1_sharedassets/Color3_LayerInfo.uasset" 267
"../../../Lantern/Content/Maps/Stage_1-1/Stage_1-1_sharedassets/Color4_LayerInfo.uasset" 268
"../../../Lantern/Content/Materials/MI_Flower_01.uasset" 269
"../../../Lantern/Content/Materials/MI_Flower_02.uasset" 270
"../../../Lantern/Content/Materials/MI_Flower_03.uasset" 271
"../../../Lantern/Content/Materials/M_Base_Landscape.uasset" 272
"../../../Lantern/Content/Materials/MI_Landscape.uasset" 273
"../../../Lantern/Content/Materials/M_Lantern.uasset" 274
"../../../Lantern/Content/Materials/MI_LanternCine.uasset" 275
"../../../Lantern/Content/Materials/PostProcess/PP_OutlineColored.uasset" 276
"../../../Lantern/Content/Materials/PostProcess/PPI_OutlineColored.uasset" 277
"../../../Engine/Content/EngineMaterials/DefaultPhysicalMaterial.uasset" 278
"../../../Engine/Content/MapTemplates/daylight.uasset" 279
"../../../Lantern/Content/Materials/MI_Grass.uasset" 280
"../../../Lantern/Content/Meshes/Foliage/SM_Grass_Clump_01.uasset" 281
"../../../Lantern/Content/Meshes/Foliage/SM_Grass_Clump_02.uasset" 282
"../../../Lantern/Content/Meshes/Foliage/SM_Grass_Clump_03.uasset" 283
"../../../Lantern/Content/Meshes/Foliage/SM_Grass_Clump_04.uasset" 284
"../../../Lantern/Content/Meshes/Foliage/SM_Grass_Clump_05.uasset" 285
"../../../Lantern/Content/Materials/MI_Mushroom.uasset" 286
"../../../Lantern/Content/Meshes/Foliage/SM_Mushroom.uasset" 287
"../../../Lantern/Content/Materials/MI_Rock.uasset" 288
"../../../Lantern/Content/Meshes/Foliage/SM_Rock_01.uasset" 289
"../../../Lantern/Content/Meshes/Foliage/SM_Rock_02.uasset" 290
"../../../Lantern/Content/Meshes/Foliage/SM_Rock_03.uasset" 291
"../../../Lantern/Content/Meshes/Foliage/SM_Rock_04.uasset" 292
"../../../Lantern/Content/Materials/MI_Tree.uasset" 293
"../../../Lantern/Content/Meshes/Foliage/SM_Tree_01.uasset" 294
"../../../Lantern/Content/Meshes/Foliage/SM_Tree_02.uasset" 295
"../../../Lantern/Content/Meshes/SM_Flower_01.uasset" 296
"../../../Lantern/Content/Materials/MI_Lantern.uasset" 297
"../../../Lantern/Content/Meshes/SM_Lantern.uasset" 298
"../../../Lantern/Content/Materials/MI_LanternStand.uasset" 299
"../../../Lantern/Content/Meshes/SM_LanternStand.uasset" 300
"../../../Lantern/Content/Meshes/SM_Log.uasset" 301
"../../../Engine/Content/Functions/Engine_MaterialFunctions01/Gradient/RadialGradientExponential.uasset" 302
"../../../Lantern/Content/Particles/Firefly/M_Base_Firefly.uasset" 303
"../../../Lantern/Content/Particles/Firefly/MI_Firefly.uasset" 304
"../../../Lantern/Content/Particles/Firefly/PS_FireflyLantern.uasset" 305
"../../../Lantern/Content/UI/Materials/M_UI_White.uasset" 306
"../../../Lantern/Content/Audio/SFX_Click.uasset" 307
"../../../Lantern/Content/Audio/SFX_Ding_001.uasset" 308
"../../../Lantern/Content/UI/WBP_MainMenu.uasset" 309
"../../../Lantern/Content/Maps/MainMenu.umap" 310
"../../../Lantern/Content/Blueprints/EColors.uasset" 311
"../../../Lantern/Content/Blueprints/BPL_Colors.uasset" 312
"../../../Lantern/Content/Textures/T_RoundedRectangle.uasset" 313
"../../../Lantern/Content/Materials/M_Base_Unlit.uasset" 314
"../../../Lantern/Content/Textures/T_MoveCircle.uasset" 315
"../../../Lantern/Content/Materials/MI_MoveCircle.uasset" 316
"../../../Engine/Content/BasicShapes/Plane.uasset" 317
"../../../Lantern/Content/Blueprints/BP_MoveCircle.uasset" 318
"../../../Lantern/Content/Blueprints/IClickable.uasset" 319
"../../../Lantern/Content/Audio/SFX_Dong_001.uasset" 320
"../../../Lantern/Content/Audio/SFX_Vibes_Ding_004.uasset" 321
"../../../Lantern/Content/Audio/SFX_Vibes_Ding_005.uasset" 322
"../../../Lantern/Content/Audio/SFX_Vibes_Ding_006.uasset" 323
"../../../Lantern/Content/Audio/S_Lantern_Cue.uasset" 324
"../../../Lantern/Content/Blueprints/BP_Lantern.uasset" 325
"../../../Lantern/Content/Blueprints/BP_Player.uasset" 326
"../../../Lantern/Content/Blueprints/BP_GameManager.uasset" 327
"../../../Lantern/Content/Materials/MI_SelectionOutline.uasset" 328
"../../../Lantern/Content/Audio/SFX_LanternOn.uasset" 329
"../../../Lantern/Content/Meshes/SM_Disc.uasset" 330
"../../../Lantern/Content/Particles/Firefly/PS_Firefly.uasset" 331
"../../../Lantern/Content/Blueprints/BP_Firefly.uasset" 332
"../../../Lantern/Content/Blueprints/Base/GI_Game.uasset" 333
"../../../Lantern/Content/Materials/MI_EndZone.uasset" 334
"../../../Lantern/Content/Materials/MI_GiantPlant.uasset" 335
"../../../Lantern/Content/Audio/S_Music_01.uasset" 336
"../../../Lantern/Content/Meshes/SM_GiantPlant.uasset" 337
"../../../Lantern/Content/Particles/GiantPlant/PS_GiantPlant.uasset" 338
"../../../Lantern/Content/Audio/SFX_NextLevel.uasset" 339
"../../../Lantern/Content/Maps/EMapNames.uasset" 340
"../../../Lantern/Content/UI/Textures/T_Icon_Restart.uasset" 341
"../../../Lantern/Content/UI/Textures/T_Icon_Restart2.uasset" 342
"../../../Lantern/Content/UI/WBP_HUD.uasset" 343
"../../../Lantern/Content/Blueprints/BP_EndZone.uasset" 344
"../../../Lantern/Content/Blueprints/Base/BP_PlayerController.uasset" 345
"../../../Lantern/Content/Blueprints/Base/GM_Game.uasset" 346
"../../../Lantern/Content/Maps/Stage_1-1/Stage_1-1_BuiltData.uasset" 347
"../../../Lantern/Content/Meshes/SM_Flower_02.uasset" 348
"../../../Lantern/Content/Meshes/SM_Flower_03.uasset" 349
"../../../Lantern/Content/Maps/Stage_1-1/Stage_1-1.umap" 350
"../../../Lantern/Content/Meshes/BP_FlowerGroup_01.uasset" 351
"../../../Lantern/Content/Meshes/BP_FlowerGroup_02.uasset" 352
"../../../Lantern/Content/Maps/Stage_1-2/Stage_1-2_sharedassets/Color1_LayerInfo.uasset" 353
"../../../Lantern/Content/Maps/Stage_1-2/Stage_1-2_sharedassets/Color2_LayerInfo.uasset" 354
"../../../Lantern/Content/Maps/Stage_1-2/Stage_1-2_sharedassets/Color3_LayerInfo.uasset" 355
"../../../Lantern/Content/Maps/Stage_1-2/Stage_1-2_sharedassets/Color4_LayerInfo.uasset" 356
"../../../Lantern/Content/Maps/Stage_1-2/Stage_1-2_BuiltData.uasset" 357
"../../../Lantern/Content/Materials/MI_Flower_04.uasset" 358
"../../../Lantern/Content/Materials/MI_Plant.uasset" 359
"../../../Lantern/Content/Meshes/Foliage/SM_Plant.uasset" 360
"../../../Lantern/Content/Materials/MI_Branch.uasset" 361
"../../../Lantern/Content/Meshes/SM_Branch_01.uasset" 362
"../../../Lantern/Content/Meshes/SM_Branch_02.uasset" 363
"../../../Lantern/Content/Meshes/SM_Branch_03.uasset" 364
"../../../Lantern/Content/Maps/Stage_1-2/Stage_1-2.umap" 365
"../../../Engine/Content/Maps/Entry.umap" 366
"../../../Engine/Content/Maps/Templates/Template_Default_BuiltData.uasset" 367
"../../../Engine/Content/MapTemplates/SM_Template_Map_Floor.uasset" 368
"../../../Engine/Content/Maps/Templates/Template_Default.umap" 369
